\BOOKMARK [0][-]{chapter.1}{}{}% 1
\BOOKMARK [1][-]{section.1.1}{ }{chapter.1}% 2
\BOOKMARK [1][-]{section.1.2}{ }{chapter.1}% 3
\BOOKMARK [1][-]{section.1.3}{}{chapter.1}% 4
\BOOKMARK [0][-]{chapter.2}{ \040}{}% 5
\BOOKMARK [1][-]{section.2.1}{Latent Dirichlet allocation}{chapter.2}% 6
\BOOKMARK [2][-]{subsection.2.1.1}{ }{section.2.1}% 7
\BOOKMARK [2][-]{subsection.2.1.2}{ \040 \040- \040 }{section.2.1}% 8
\BOOKMARK [2][-]{subsection.2.1.3}{ \040 }{section.2.1}% 9
\BOOKMARK [0][-]{chapter.3}{ }{}% 10
\BOOKMARK [1][-]{section.3.1}{ }{chapter.3}% 11
\BOOKMARK [2][-]{subsection.3.1.1}{ }{section.3.1}% 12
\BOOKMARK [2][-]{subsection.3.1.2}{ }{section.3.1}% 13
\BOOKMARK [2][-]{subsection.3.1.3}{ }{section.3.1}% 14
\BOOKMARK [3][-]{subsubsection.3.1.3.1}{ \040}{subsection.3.1.3}% 15
\BOOKMARK [3][-]{subsubsection.3.1.3.2}{ \040}{subsection.3.1.3}% 16
\BOOKMARK [3][-]{subsubsection.3.1.3.3}{ \040}{subsection.3.1.3}% 17
\BOOKMARK [1][-]{section.3.2}{ }{chapter.3}% 18
\BOOKMARK [2][-]{subsection.3.2.1}{ \040\(. multivariate \) }{section.3.2}% 19
\BOOKMARK [2][-]{subsection.3.2.2}{ }{section.3.2}% 20
\BOOKMARK [1][-]{section.3.3}{ }{chapter.3}% 21
\BOOKMARK [2][-]{subsection.3.3.1}{ }{section.3.3}% 22
\BOOKMARK [1][-]{section.3.4}{ \040 }{chapter.3}% 23
\BOOKMARK [2][-]{subsection.3.4.1}{ - }{section.3.4}% 24
\BOOKMARK [0][-]{chapter.4}{ }{}% 25
\BOOKMARK [0][-]{chapter.5}{ \040 }{}% 26
\BOOKMARK [1][-]{section.5.1}{ \040- }{chapter.5}% 27
\BOOKMARK [2][-]{subsection.5.1.1}{ HTML \040 \040 }{section.5.1}% 28
\BOOKMARK [2][-]{subsection.5.1.2}{ \040 \040 \214 \215 . lowercase }{section.5.1}% 29
\BOOKMARK [2][-]{subsection.5.1.3}{ \040 \040- , . tokenization}{section.5.1}% 30
\BOOKMARK [2][-]{subsection.5.1.4}{ \040 \040. stop words}{section.5.1}% 31
\BOOKMARK [2][-]{subsection.5.1.5}{ }{section.5.1}% 32
\BOOKMARK [2][-]{subsection.5.1.6}{ \040 - . stemming}{section.5.1}% 33
\BOOKMARK [2][-]{subsection.5.1.7}{ \040 \040- . lemmitization}{section.5.1}% 34
\BOOKMARK [1][-]{section.5.2}{ }{chapter.5}% 35
\BOOKMARK [2][-]{subsection.5.2.1}{ \040 Mallet}{section.5.2}% 36
\BOOKMARK [2][-]{subsection.5.2.2}{Pipe \040Mallet-}{section.5.2}% 37
\BOOKMARK [2][-]{subsection.5.2.3}{ParallelTopicModel \040Mallet-}{section.5.2}% 38
\BOOKMARK [1][-]{section.5.3}{ }{chapter.5}% 39
\BOOKMARK [2][-]{subsection.5.3.1}{ \040 }{section.5.3}% 40
\BOOKMARK [2][-]{subsection.5.3.2}{ \040 \040 }{section.5.3}% 41
\BOOKMARK [0][-]{chapter.6}{ \040 \040 }{}% 42
\BOOKMARK [1][-]{section.6.1}{ \040 \040}{chapter.6}% 43
\BOOKMARK [0][-]{chapter.7}{}{}% 44
\BOOKMARK [1][-]{subsection.7.0.1}{ \040 }{chapter.7}% 45
\BOOKMARK [2][-]{subsection.7.0.2}{ \040 \040}{subsection.7.0.1}% 46
\BOOKMARK [2][-]{subsection.7.0.3}{ \040 \040 }{subsection.7.0.1}% 47
\BOOKMARK [0][-]{chapter.8}{ }{}% 48
